------------------------------
GET /ageratum.html
HEADERS=> {
  "host": "localhost:9099",
  "connection": "keep-alive",
  "cache-control": "max-age=0",
  "user-agent": "Mozilla/5.0 (Macintosh; Intel Mac OS X 10_12_6) AppleWebKit/537.36 (KHTML, like Gecko) Chrome/63.0.3239.84 Safari/537.36",
  "upgrade-insecure-requests": "1",
  "accept": "text/html,application/xhtml+xml,application/xml;q=0.9,image/webp,image/apng,*/*;q=0.8",
  "referer": "http://localhost:9099/index.html",
  "accept-encoding": "gzip, deflate, br",
  "accept-language": "en-US,en;q=0.9",
  "cookie": "loginFailed=false,Expires=Thu, 01 Jan 1970 00:00:00 GMT; logInFailed=true; sessionid=1515491814574"
}
COOKIES=> {
  "loginFailed": "false,Expires",
  "logInFailed": "true",
  "sessionid": "1515491814574"
}
BODY=> {}
------------------------------
GET /css/ageratum.css
HEADERS=> {
  "host": "localhost:9099",
  "connection": "keep-alive",
  "user-agent": "Mozilla/5.0 (Macintosh; Intel Mac OS X 10_12_6) AppleWebKit/537.36 (KHTML, like Gecko) Chrome/63.0.3239.84 Safari/537.36",
  "accept": "text/css,*/*;q=0.1",
  "referer": "http://localhost:9099/ageratum.html",
  "accept-encoding": "gzip, deflate, br",
  "accept-language": "en-US,en;q=0.9",
  "cookie": "loginFailed=false,Expires=Thu, 01 Jan 1970 00:00:00 GMT; logInFailed=true; sessionid=1515491814574"
}
COOKIES=> {
  "loginFailed": "false,Expires",
  "logInFailed": "true",
  "sessionid": "1515491814574"
}
BODY=> {}
------------------------------
GET /img/ageratum.jpg
HEADERS=> {
  "host": "localhost:9099",
  "connection": "keep-alive",
  "user-agent": "Mozilla/5.0 (Macintosh; Intel Mac OS X 10_12_6) AppleWebKit/537.36 (KHTML, like Gecko) Chrome/63.0.3239.84 Safari/537.36",
  "accept": "image/webp,image/apng,image/*,*/*;q=0.8",
  "referer": "http://localhost:9099/ageratum.html",
  "accept-encoding": "gzip, deflate, br",
  "accept-language": "en-US,en;q=0.9",
  "cookie": "loginFailed=false,Expires=Thu, 01 Jan 1970 00:00:00 GMT; logInFailed=true; sessionid=1515491814574"
}
COOKIES=> {
  "loginFailed": "false,Expires",
  "logInFailed": "true",
  "sessionid": "1515491814574"
}
BODY=> {}
------------------------------
GET /index.html
HEADERS=> {
  "host": "localhost:9099",
  "connection": "keep-alive",
  "upgrade-insecure-requests": "1",
  "user-agent": "Mozilla/5.0 (Macintosh; Intel Mac OS X 10_12_6) AppleWebKit/537.36 (KHTML, like Gecko) Chrome/63.0.3239.84 Safari/537.36",
  "accept": "text/html,application/xhtml+xml,application/xml;q=0.9,image/webp,image/apng,*/*;q=0.8",
  "referer": "http://localhost:9099/ageratum.html",
  "accept-encoding": "gzip, deflate, br",
  "accept-language": "en-US,en;q=0.9",
  "cookie": "loginFailed=false,Expires=Thu, 01 Jan 1970 00:00:00 GMT; logInFailed=true; sessionid=1515491814574"
}
COOKIES=> {
  "loginFailed": "false,Expires",
  "logInFailed": "true",
  "sessionid": "1515491814574"
}
BODY=> {}
------------------------------
GET /css/index.css
HEADERS=> {
  "host": "localhost:9099",
  "connection": "keep-alive",
  "user-agent": "Mozilla/5.0 (Macintosh; Intel Mac OS X 10_12_6) AppleWebKit/537.36 (KHTML, like Gecko) Chrome/63.0.3239.84 Safari/537.36",
  "accept": "text/css,*/*;q=0.1",
  "referer": "http://localhost:9099/index.html",
  "accept-encoding": "gzip, deflate, br",
  "accept-language": "en-US,en;q=0.9",
  "cookie": "loginFailed=false,Expires=Thu, 01 Jan 1970 00:00:00 GMT; logInFailed=true; sessionid=1515491814574"
}
COOKIES=> {
  "loginFailed": "false,Expires",
  "logInFailed": "true",
  "sessionid": "1515491814574"
}
BODY=> {}
------------------------------
GET /img/freshorigins.jpg
HEADERS=> {
  "host": "localhost:9099",
  "connection": "keep-alive",
  "user-agent": "Mozilla/5.0 (Macintosh; Intel Mac OS X 10_12_6) AppleWebKit/537.36 (KHTML, like Gecko) Chrome/63.0.3239.84 Safari/537.36",
  "accept": "image/webp,image/apng,image/*,*/*;q=0.8",
  "referer": "http://localhost:9099/index.html",
  "accept-encoding": "gzip, deflate, br",
  "accept-language": "en-US,en;q=0.9",
  "cookie": "loginFailed=false,Expires=Thu, 01 Jan 1970 00:00:00 GMT; logInFailed=true; sessionid=1515491814574"
}
COOKIES=> {
  "loginFailed": "false,Expires",
  "logInFailed": "true",
  "sessionid": "1515491814574"
}
BODY=> {}
------------------------------
GET /img/wateringJar.gif
HEADERS=> {
  "host": "localhost:9099",
  "connection": "keep-alive",
  "user-agent": "Mozilla/5.0 (Macintosh; Intel Mac OS X 10_12_6) AppleWebKit/537.36 (KHTML, like Gecko) Chrome/63.0.3239.84 Safari/537.36",
  "accept": "image/webp,image/apng,image/*,*/*;q=0.8",
  "referer": "http://localhost:9099/index.html",
  "accept-encoding": "gzip, deflate, br",
  "accept-language": "en-US,en;q=0.9",
  "cookie": "loginFailed=false,Expires=Thu, 01 Jan 1970 00:00:00 GMT; logInFailed=true; sessionid=1515491814574"
}
COOKIES=> {
  "loginFailed": "false,Expires",
  "logInFailed": "true",
  "sessionid": "1515491814574"
}
BODY=> {}
------------------------------
GET /guestBook.html
HEADERS=> {
  "host": "localhost:9099",
  "connection": "keep-alive",
  "upgrade-insecure-requests": "1",
  "user-agent": "Mozilla/5.0 (Macintosh; Intel Mac OS X 10_12_6) AppleWebKit/537.36 (KHTML, like Gecko) Chrome/63.0.3239.84 Safari/537.36",
  "accept": "text/html,application/xhtml+xml,application/xml;q=0.9,image/webp,image/apng,*/*;q=0.8",
  "referer": "http://localhost:9099/index.html",
  "accept-encoding": "gzip, deflate, br",
  "accept-language": "en-US,en;q=0.9",
  "cookie": "loginFailed=false,Expires=Thu, 01 Jan 1970 00:00:00 GMT; logInFailed=true; sessionid=1515491814574"
}
COOKIES=> {
  "loginFailed": "false,Expires",
  "logInFailed": "true",
  "sessionid": "1515491814574"
}
BODY=> {}
------------------------------
GET /css/guestBook.css
HEADERS=> {
  "host": "localhost:9099",
  "connection": "keep-alive",
  "user-agent": "Mozilla/5.0 (Macintosh; Intel Mac OS X 10_12_6) AppleWebKit/537.36 (KHTML, like Gecko) Chrome/63.0.3239.84 Safari/537.36",
  "accept": "text/css,*/*;q=0.1",
  "referer": "http://localhost:9099/guestBook.html",
  "accept-encoding": "gzip, deflate, br",
  "accept-language": "en-US,en;q=0.9",
  "cookie": "loginFailed=false,Expires=Thu, 01 Jan 1970 00:00:00 GMT; logInFailed=true; sessionid=1515491814574"
}
COOKIES=> {
  "loginFailed": "false,Expires",
  "logInFailed": "true",
  "sessionid": "1515491814574"
}
BODY=> {}
------------------------------
GET /index.html
HEADERS=> {
  "host": "localhost:9099",
  "connection": "keep-alive",
  "upgrade-insecure-requests": "1",
  "user-agent": "Mozilla/5.0 (Macintosh; Intel Mac OS X 10_12_6) AppleWebKit/537.36 (KHTML, like Gecko) Chrome/63.0.3239.84 Safari/537.36",
  "accept": "text/html,application/xhtml+xml,application/xml;q=0.9,image/webp,image/apng,*/*;q=0.8",
  "referer": "http://localhost:9099/guestBook.html",
  "accept-encoding": "gzip, deflate, br",
  "accept-language": "en-US,en;q=0.9",
  "cookie": "loginFailed=false,Expires=Thu, 01 Jan 1970 00:00:00 GMT; logInFailed=true; sessionid=1515491814574"
}
COOKIES=> {
  "loginFailed": "false,Expires",
  "logInFailed": "true",
  "sessionid": "1515491814574"
}
BODY=> {}
------------------------------
GET /css/index.css
HEADERS=> {
  "host": "localhost:9099",
  "connection": "keep-alive",
  "user-agent": "Mozilla/5.0 (Macintosh; Intel Mac OS X 10_12_6) AppleWebKit/537.36 (KHTML, like Gecko) Chrome/63.0.3239.84 Safari/537.36",
  "accept": "text/css,*/*;q=0.1",
  "referer": "http://localhost:9099/index.html",
  "accept-encoding": "gzip, deflate, br",
  "accept-language": "en-US,en;q=0.9",
  "cookie": "loginFailed=false,Expires=Thu, 01 Jan 1970 00:00:00 GMT; logInFailed=true; sessionid=1515491814574"
}
COOKIES=> {
  "loginFailed": "false,Expires",
  "logInFailed": "true",
  "sessionid": "1515491814574"
}
BODY=> {}
------------------------------
GET /img/freshorigins.jpg
HEADERS=> {
  "host": "localhost:9099",
  "connection": "keep-alive",
  "user-agent": "Mozilla/5.0 (Macintosh; Intel Mac OS X 10_12_6) AppleWebKit/537.36 (KHTML, like Gecko) Chrome/63.0.3239.84 Safari/537.36",
  "accept": "image/webp,image/apng,image/*,*/*;q=0.8",
  "referer": "http://localhost:9099/index.html",
  "accept-encoding": "gzip, deflate, br",
  "accept-language": "en-US,en;q=0.9",
  "cookie": "loginFailed=false,Expires=Thu, 01 Jan 1970 00:00:00 GMT; logInFailed=true; sessionid=1515491814574"
}
COOKIES=> {
  "loginFailed": "false,Expires",
  "logInFailed": "true",
  "sessionid": "1515491814574"
}
BODY=> {}
------------------------------
GET /img/wateringJar.gif
HEADERS=> {
  "host": "localhost:9099",
  "connection": "keep-alive",
  "user-agent": "Mozilla/5.0 (Macintosh; Intel Mac OS X 10_12_6) AppleWebKit/537.36 (KHTML, like Gecko) Chrome/63.0.3239.84 Safari/537.36",
  "accept": "image/webp,image/apng,image/*,*/*;q=0.8",
  "referer": "http://localhost:9099/index.html",
  "accept-encoding": "gzip, deflate, br",
  "accept-language": "en-US,en;q=0.9",
  "cookie": "loginFailed=false,Expires=Thu, 01 Jan 1970 00:00:00 GMT; logInFailed=true; sessionid=1515491814574"
}
COOKIES=> {
  "loginFailed": "false,Expires",
  "logInFailed": "true",
  "sessionid": "1515491814574"
}
BODY=> {}
------------------------------
GET /ageratum.html
HEADERS=> {
  "host": "localhost:9099",
  "connection": "keep-alive",
  "upgrade-insecure-requests": "1",
  "user-agent": "Mozilla/5.0 (Macintosh; Intel Mac OS X 10_12_6) AppleWebKit/537.36 (KHTML, like Gecko) Chrome/63.0.3239.84 Safari/537.36",
  "accept": "text/html,application/xhtml+xml,application/xml;q=0.9,image/webp,image/apng,*/*;q=0.8",
  "referer": "http://localhost:9099/index.html",
  "accept-encoding": "gzip, deflate, br",
  "accept-language": "en-US,en;q=0.9",
  "cookie": "loginFailed=false,Expires=Thu, 01 Jan 1970 00:00:00 GMT; logInFailed=true; sessionid=1515491814574"
}
COOKIES=> {
  "loginFailed": "false,Expires",
  "logInFailed": "true",
  "sessionid": "1515491814574"
}
BODY=> {}
------------------------------
GET /css/ageratum.css
HEADERS=> {
  "host": "localhost:9099",
  "connection": "keep-alive",
  "user-agent": "Mozilla/5.0 (Macintosh; Intel Mac OS X 10_12_6) AppleWebKit/537.36 (KHTML, like Gecko) Chrome/63.0.3239.84 Safari/537.36",
  "accept": "text/css,*/*;q=0.1",
  "referer": "http://localhost:9099/ageratum.html",
  "accept-encoding": "gzip, deflate, br",
  "accept-language": "en-US,en;q=0.9",
  "cookie": "loginFailed=false,Expires=Thu, 01 Jan 1970 00:00:00 GMT; logInFailed=true; sessionid=1515491814574"
}
COOKIES=> {
  "loginFailed": "false,Expires",
  "logInFailed": "true",
  "sessionid": "1515491814574"
}
BODY=> {}
------------------------------
GET /img/ageratum.jpg
HEADERS=> {
  "host": "localhost:9099",
  "connection": "keep-alive",
  "user-agent": "Mozilla/5.0 (Macintosh; Intel Mac OS X 10_12_6) AppleWebKit/537.36 (KHTML, like Gecko) Chrome/63.0.3239.84 Safari/537.36",
  "accept": "image/webp,image/apng,image/*,*/*;q=0.8",
  "referer": "http://localhost:9099/ageratum.html",
  "accept-encoding": "gzip, deflate, br",
  "accept-language": "en-US,en;q=0.9",
  "cookie": "loginFailed=false,Expires=Thu, 01 Jan 1970 00:00:00 GMT; logInFailed=true; sessionid=1515491814574"
}
COOKIES=> {
  "loginFailed": "false,Expires",
  "logInFailed": "true",
  "sessionid": "1515491814574"
}
BODY=> {}
------------------------------
GET /docs/ageratum.pdf
HEADERS=> {
  "host": "localhost:9099",
  "connection": "keep-alive",
  "user-agent": "Mozilla/5.0 (Macintosh; Intel Mac OS X 10_12_6) AppleWebKit/537.36 (KHTML, like Gecko) Chrome/63.0.3239.84 Safari/537.36",
  "accept-encoding": "gzip, deflate, br",
  "accept-language": "en-US,en;q=0.9",
  "cookie": "loginFailed=false,Expires=Thu, 01 Jan 1970 00:00:00 GMT; logInFailed=true; sessionid=1515491814574"
}
COOKIES=> {
  "loginFailed": "false,Expires",
  "logInFailed": "true",
  "sessionid": "1515491814574"
}
BODY=> {}
------------------------------
Tue Jan 09 2018 5:28:39 PM
GET /ageratum.html
HEADERS=> {
  "host": "localhost:9099",
  "connection": "keep-alive",
  "cache-control": "max-age=0",
  "user-agent": "Mozilla/5.0 (Macintosh; Intel Mac OS X 10_12_6) AppleWebKit/537.36 (KHTML, like Gecko) Chrome/63.0.3239.84 Safari/537.36",
  "upgrade-insecure-requests": "1",
  "accept": "text/html,application/xhtml+xml,application/xml;q=0.9,image/webp,image/apng,*/*;q=0.8",
  "referer": "http://localhost:9099/index.html",
  "accept-encoding": "gzip, deflate, br",
  "accept-language": "en-US,en;q=0.9",
  "cookie": "loginFailed=false,Expires=Thu, 01 Jan 1970 00:00:00 GMT; logInFailed=true; sessionid=1515491814574"
}
COOKIES=> {
  "loginFailed": "false,Expires",
  "logInFailed": "true",
  "sessionid": "1515491814574"
}
BODY=> {}
------------------------------
Tue Jan 09 2018 5:28:39 PM
GET /css/ageratum.css
HEADERS=> {
  "host": "localhost:9099",
  "connection": "keep-alive",
  "user-agent": "Mozilla/5.0 (Macintosh; Intel Mac OS X 10_12_6) AppleWebKit/537.36 (KHTML, like Gecko) Chrome/63.0.3239.84 Safari/537.36",
  "accept": "text/css,*/*;q=0.1",
  "referer": "http://localhost:9099/ageratum.html",
  "accept-encoding": "gzip, deflate, br",
  "accept-language": "en-US,en;q=0.9",
  "cookie": "loginFailed=false,Expires=Thu, 01 Jan 1970 00:00:00 GMT; logInFailed=true; sessionid=1515491814574"
}
COOKIES=> {
  "loginFailed": "false,Expires",
  "logInFailed": "true",
  "sessionid": "1515491814574"
}
BODY=> {}
------------------------------
Tue Jan 09 2018 5:28:39 PM
GET /img/ageratum.jpg
HEADERS=> {
  "host": "localhost:9099",
  "connection": "keep-alive",
  "user-agent": "Mozilla/5.0 (Macintosh; Intel Mac OS X 10_12_6) AppleWebKit/537.36 (KHTML, like Gecko) Chrome/63.0.3239.84 Safari/537.36",
  "accept": "image/webp,image/apng,image/*,*/*;q=0.8",
  "referer": "http://localhost:9099/ageratum.html",
  "accept-encoding": "gzip, deflate, br",
  "accept-language": "en-US,en;q=0.9",
  "cookie": "loginFailed=false,Expires=Thu, 01 Jan 1970 00:00:00 GMT; logInFailed=true; sessionid=1515491814574"
}
COOKIES=> {
  "loginFailed": "false,Expires",
  "logInFailed": "true",
  "sessionid": "1515491814574"
}
BODY=> {}
------------------------------
Tue Jan 09 2018 5:28:41 PM
GET /index.html
HEADERS=> {
  "host": "localhost:9099",
  "connection": "keep-alive",
  "upgrade-insecure-requests": "1",
  "user-agent": "Mozilla/5.0 (Macintosh; Intel Mac OS X 10_12_6) AppleWebKit/537.36 (KHTML, like Gecko) Chrome/63.0.3239.84 Safari/537.36",
  "accept": "text/html,application/xhtml+xml,application/xml;q=0.9,image/webp,image/apng,*/*;q=0.8",
  "referer": "http://localhost:9099/ageratum.html",
  "accept-encoding": "gzip, deflate, br",
  "accept-language": "en-US,en;q=0.9",
  "cookie": "loginFailed=false,Expires=Thu, 01 Jan 1970 00:00:00 GMT; logInFailed=true; sessionid=1515491814574"
}
COOKIES=> {
  "loginFailed": "false,Expires",
  "logInFailed": "true",
  "sessionid": "1515491814574"
}
BODY=> {}
------------------------------
Tue Jan 09 2018 5:28:41 PM
GET /css/index.css
HEADERS=> {
  "host": "localhost:9099",
  "connection": "keep-alive",
  "user-agent": "Mozilla/5.0 (Macintosh; Intel Mac OS X 10_12_6) AppleWebKit/537.36 (KHTML, like Gecko) Chrome/63.0.3239.84 Safari/537.36",
  "accept": "text/css,*/*;q=0.1",
  "referer": "http://localhost:9099/index.html",
  "accept-encoding": "gzip, deflate, br",
  "accept-language": "en-US,en;q=0.9",
  "cookie": "loginFailed=false,Expires=Thu, 01 Jan 1970 00:00:00 GMT; logInFailed=true; sessionid=1515491814574"
}
COOKIES=> {
  "loginFailed": "false,Expires",
  "logInFailed": "true",
  "sessionid": "1515491814574"
}
BODY=> {}
------------------------------
Tue Jan 09 2018 5:28:41 PM
GET /img/freshorigins.jpg
HEADERS=> {
  "host": "localhost:9099",
  "connection": "keep-alive",
  "user-agent": "Mozilla/5.0 (Macintosh; Intel Mac OS X 10_12_6) AppleWebKit/537.36 (KHTML, like Gecko) Chrome/63.0.3239.84 Safari/537.36",
  "accept": "image/webp,image/apng,image/*,*/*;q=0.8",
  "referer": "http://localhost:9099/index.html",
  "accept-encoding": "gzip, deflate, br",
  "accept-language": "en-US,en;q=0.9",
  "cookie": "loginFailed=false,Expires=Thu, 01 Jan 1970 00:00:00 GMT; logInFailed=true; sessionid=1515491814574"
}
COOKIES=> {
  "loginFailed": "false,Expires",
  "logInFailed": "true",
  "sessionid": "1515491814574"
}
BODY=> {}
------------------------------
Tue Jan 09 2018 5:28:41 PM
GET /img/wateringJar.gif
HEADERS=> {
  "host": "localhost:9099",
  "connection": "keep-alive",
  "user-agent": "Mozilla/5.0 (Macintosh; Intel Mac OS X 10_12_6) AppleWebKit/537.36 (KHTML, like Gecko) Chrome/63.0.3239.84 Safari/537.36",
  "accept": "image/webp,image/apng,image/*,*/*;q=0.8",
  "referer": "http://localhost:9099/index.html",
  "accept-encoding": "gzip, deflate, br",
  "accept-language": "en-US,en;q=0.9",
  "cookie": "loginFailed=false,Expires=Thu, 01 Jan 1970 00:00:00 GMT; logInFailed=true; sessionid=1515491814574"
}
COOKIES=> {
  "loginFailed": "false,Expires",
  "logInFailed": "true",
  "sessionid": "1515491814574"
}
BODY=> {}
------------------------------
Tue Jan 09 2018 5:28:42 PM
GET /abeliophyllum.html
HEADERS=> {
  "host": "localhost:9099",
  "connection": "keep-alive",
  "upgrade-insecure-requests": "1",
  "user-agent": "Mozilla/5.0 (Macintosh; Intel Mac OS X 10_12_6) AppleWebKit/537.36 (KHTML, like Gecko) Chrome/63.0.3239.84 Safari/537.36",
  "accept": "text/html,application/xhtml+xml,application/xml;q=0.9,image/webp,image/apng,*/*;q=0.8",
  "referer": "http://localhost:9099/index.html",
  "accept-encoding": "gzip, deflate, br",
  "accept-language": "en-US,en;q=0.9",
  "cookie": "loginFailed=false,Expires=Thu, 01 Jan 1970 00:00:00 GMT; logInFailed=true; sessionid=1515491814574"
}
COOKIES=> {
  "loginFailed": "false,Expires",
  "logInFailed": "true",
  "sessionid": "1515491814574"
}
BODY=> {}
------------------------------
Tue Jan 09 2018 5:28:42 PM
GET /css/abeliophyllum.css
HEADERS=> {
  "host": "localhost:9099",
  "connection": "keep-alive",
  "user-agent": "Mozilla/5.0 (Macintosh; Intel Mac OS X 10_12_6) AppleWebKit/537.36 (KHTML, like Gecko) Chrome/63.0.3239.84 Safari/537.36",
  "accept": "text/css,*/*;q=0.1",
  "referer": "http://localhost:9099/abeliophyllum.html",
  "accept-encoding": "gzip, deflate, br",
  "accept-language": "en-US,en;q=0.9",
  "cookie": "loginFailed=false,Expires=Thu, 01 Jan 1970 00:00:00 GMT; logInFailed=true; sessionid=1515491814574"
}
COOKIES=> {
  "loginFailed": "false,Expires",
  "logInFailed": "true",
  "sessionid": "1515491814574"
}
BODY=> {}
------------------------------
Tue Jan 09 2018 5:28:42 PM
GET /img/abeliophyllum.jpg
HEADERS=> {
  "host": "localhost:9099",
  "connection": "keep-alive",
  "user-agent": "Mozilla/5.0 (Macintosh; Intel Mac OS X 10_12_6) AppleWebKit/537.36 (KHTML, like Gecko) Chrome/63.0.3239.84 Safari/537.36",
  "accept": "image/webp,image/apng,image/*,*/*;q=0.8",
  "referer": "http://localhost:9099/abeliophyllum.html",
  "accept-encoding": "gzip, deflate, br",
  "accept-language": "en-US,en;q=0.9",
  "cookie": "loginFailed=false,Expires=Thu, 01 Jan 1970 00:00:00 GMT; logInFailed=true; sessionid=1515491814574"
}
COOKIES=> {
  "loginFailed": "false,Expires",
  "logInFailed": "true",
  "sessionid": "1515491814574"
}
BODY=> {}
------------------------------
Tue Jan 09 2018 5:28:43 PM
GET /index.html
HEADERS=> {
  "host": "localhost:9099",
  "connection": "keep-alive",
  "upgrade-insecure-requests": "1",
  "user-agent": "Mozilla/5.0 (Macintosh; Intel Mac OS X 10_12_6) AppleWebKit/537.36 (KHTML, like Gecko) Chrome/63.0.3239.84 Safari/537.36",
  "accept": "text/html,application/xhtml+xml,application/xml;q=0.9,image/webp,image/apng,*/*;q=0.8",
  "referer": "http://localhost:9099/abeliophyllum.html",
  "accept-encoding": "gzip, deflate, br",
  "accept-language": "en-US,en;q=0.9",
  "cookie": "loginFailed=false,Expires=Thu, 01 Jan 1970 00:00:00 GMT; logInFailed=true; sessionid=1515491814574"
}
COOKIES=> {
  "loginFailed": "false,Expires",
  "logInFailed": "true",
  "sessionid": "1515491814574"
}
BODY=> {}
------------------------------
Tue Jan 09 2018 5:28:43 PM
GET /css/index.css
HEADERS=> {
  "host": "localhost:9099",
  "connection": "keep-alive",
  "user-agent": "Mozilla/5.0 (Macintosh; Intel Mac OS X 10_12_6) AppleWebKit/537.36 (KHTML, like Gecko) Chrome/63.0.3239.84 Safari/537.36",
  "accept": "text/css,*/*;q=0.1",
  "referer": "http://localhost:9099/index.html",
  "accept-encoding": "gzip, deflate, br",
  "accept-language": "en-US,en;q=0.9",
  "cookie": "loginFailed=false,Expires=Thu, 01 Jan 1970 00:00:00 GMT; logInFailed=true; sessionid=1515491814574"
}
COOKIES=> {
  "loginFailed": "false,Expires",
  "logInFailed": "true",
  "sessionid": "1515491814574"
}
BODY=> {}
------------------------------
Tue Jan 09 2018 5:28:43 PM
GET /img/freshorigins.jpg
HEADERS=> {
  "host": "localhost:9099",
  "connection": "keep-alive",
  "user-agent": "Mozilla/5.0 (Macintosh; Intel Mac OS X 10_12_6) AppleWebKit/537.36 (KHTML, like Gecko) Chrome/63.0.3239.84 Safari/537.36",
  "accept": "image/webp,image/apng,image/*,*/*;q=0.8",
  "referer": "http://localhost:9099/index.html",
  "accept-encoding": "gzip, deflate, br",
  "accept-language": "en-US,en;q=0.9",
  "cookie": "loginFailed=false,Expires=Thu, 01 Jan 1970 00:00:00 GMT; logInFailed=true; sessionid=1515491814574"
}
COOKIES=> {
  "loginFailed": "false,Expires",
  "logInFailed": "true",
  "sessionid": "1515491814574"
}
BODY=> {}
------------------------------
Tue Jan 09 2018 5:28:43 PM
GET /img/wateringJar.gif
HEADERS=> {
  "host": "localhost:9099",
  "connection": "keep-alive",
  "user-agent": "Mozilla/5.0 (Macintosh; Intel Mac OS X 10_12_6) AppleWebKit/537.36 (KHTML, like Gecko) Chrome/63.0.3239.84 Safari/537.36",
  "accept": "image/webp,image/apng,image/*,*/*;q=0.8",
  "referer": "http://localhost:9099/index.html",
  "accept-encoding": "gzip, deflate, br",
  "accept-language": "en-US,en;q=0.9",
  "cookie": "loginFailed=false,Expires=Thu, 01 Jan 1970 00:00:00 GMT; logInFailed=true; sessionid=1515491814574"
}
COOKIES=> {
  "loginFailed": "false,Expires",
  "logInFailed": "true",
  "sessionid": "1515491814574"
}
BODY=> {}
------------------------------
Tue Jan 09 2018 5:28:45 PM
GET /ageratum.html
HEADERS=> {
  "host": "localhost:9099",
  "connection": "keep-alive",
  "upgrade-insecure-requests": "1",
  "user-agent": "Mozilla/5.0 (Macintosh; Intel Mac OS X 10_12_6) AppleWebKit/537.36 (KHTML, like Gecko) Chrome/63.0.3239.84 Safari/537.36",
  "accept": "text/html,application/xhtml+xml,application/xml;q=0.9,image/webp,image/apng,*/*;q=0.8",
  "referer": "http://localhost:9099/index.html",
  "accept-encoding": "gzip, deflate, br",
  "accept-language": "en-US,en;q=0.9",
  "cookie": "loginFailed=false,Expires=Thu, 01 Jan 1970 00:00:00 GMT; logInFailed=true; sessionid=1515491814574"
}
COOKIES=> {
  "loginFailed": "false,Expires",
  "logInFailed": "true",
  "sessionid": "1515491814574"
}
BODY=> {}
------------------------------
Tue Jan 09 2018 5:28:45 PM
GET /css/ageratum.css
HEADERS=> {
  "host": "localhost:9099",
  "connection": "keep-alive",
  "user-agent": "Mozilla/5.0 (Macintosh; Intel Mac OS X 10_12_6) AppleWebKit/537.36 (KHTML, like Gecko) Chrome/63.0.3239.84 Safari/537.36",
  "accept": "text/css,*/*;q=0.1",
  "referer": "http://localhost:9099/ageratum.html",
  "accept-encoding": "gzip, deflate, br",
  "accept-language": "en-US,en;q=0.9",
  "cookie": "loginFailed=false,Expires=Thu, 01 Jan 1970 00:00:00 GMT; logInFailed=true; sessionid=1515491814574"
}
COOKIES=> {
  "loginFailed": "false,Expires",
  "logInFailed": "true",
  "sessionid": "1515491814574"
}
BODY=> {}
------------------------------
Tue Jan 09 2018 5:28:45 PM
GET /img/ageratum.jpg
HEADERS=> {
  "host": "localhost:9099",
  "connection": "keep-alive",
  "user-agent": "Mozilla/5.0 (Macintosh; Intel Mac OS X 10_12_6) AppleWebKit/537.36 (KHTML, like Gecko) Chrome/63.0.3239.84 Safari/537.36",
  "accept": "image/webp,image/apng,image/*,*/*;q=0.8",
  "referer": "http://localhost:9099/ageratum.html",
  "accept-encoding": "gzip, deflate, br",
  "accept-language": "en-US,en;q=0.9",
  "cookie": "loginFailed=false,Expires=Thu, 01 Jan 1970 00:00:00 GMT; logInFailed=true; sessionid=1515491814574"
}
COOKIES=> {
  "loginFailed": "false,Expires",
  "logInFailed": "true",
  "sessionid": "1515491814574"
}
BODY=> {}
------------------------------
Tue Jan 09 2018 5:28:46 PM
GET /index.html
HEADERS=> {
  "host": "localhost:9099",
  "connection": "keep-alive",
  "upgrade-insecure-requests": "1",
  "user-agent": "Mozilla/5.0 (Macintosh; Intel Mac OS X 10_12_6) AppleWebKit/537.36 (KHTML, like Gecko) Chrome/63.0.3239.84 Safari/537.36",
  "accept": "text/html,application/xhtml+xml,application/xml;q=0.9,image/webp,image/apng,*/*;q=0.8",
  "referer": "http://localhost:9099/ageratum.html",
  "accept-encoding": "gzip, deflate, br",
  "accept-language": "en-US,en;q=0.9",
  "cookie": "loginFailed=false,Expires=Thu, 01 Jan 1970 00:00:00 GMT; logInFailed=true; sessionid=1515491814574"
}
COOKIES=> {
  "loginFailed": "false,Expires",
  "logInFailed": "true",
  "sessionid": "1515491814574"
}
BODY=> {}
------------------------------
Tue Jan 09 2018 5:28:46 PM
GET /css/index.css
HEADERS=> {
  "host": "localhost:9099",
  "connection": "keep-alive",
  "user-agent": "Mozilla/5.0 (Macintosh; Intel Mac OS X 10_12_6) AppleWebKit/537.36 (KHTML, like Gecko) Chrome/63.0.3239.84 Safari/537.36",
  "accept": "text/css,*/*;q=0.1",
  "referer": "http://localhost:9099/index.html",
  "accept-encoding": "gzip, deflate, br",
  "accept-language": "en-US,en;q=0.9",
  "cookie": "loginFailed=false,Expires=Thu, 01 Jan 1970 00:00:00 GMT; logInFailed=true; sessionid=1515491814574"
}
COOKIES=> {
  "loginFailed": "false,Expires",
  "logInFailed": "true",
  "sessionid": "1515491814574"
}
BODY=> {}
------------------------------
Tue Jan 09 2018 5:28:46 PM
GET /img/freshorigins.jpg
HEADERS=> {
  "host": "localhost:9099",
  "connection": "keep-alive",
  "user-agent": "Mozilla/5.0 (Macintosh; Intel Mac OS X 10_12_6) AppleWebKit/537.36 (KHTML, like Gecko) Chrome/63.0.3239.84 Safari/537.36",
  "accept": "image/webp,image/apng,image/*,*/*;q=0.8",
  "referer": "http://localhost:9099/index.html",
  "accept-encoding": "gzip, deflate, br",
  "accept-language": "en-US,en;q=0.9",
  "cookie": "loginFailed=false,Expires=Thu, 01 Jan 1970 00:00:00 GMT; logInFailed=true; sessionid=1515491814574"
}
COOKIES=> {
  "loginFailed": "false,Expires",
  "logInFailed": "true",
  "sessionid": "1515491814574"
}
BODY=> {}
------------------------------
Tue Jan 09 2018 5:28:46 PM
GET /img/wateringJar.gif
HEADERS=> {
  "host": "localhost:9099",
  "connection": "keep-alive",
  "user-agent": "Mozilla/5.0 (Macintosh; Intel Mac OS X 10_12_6) AppleWebKit/537.36 (KHTML, like Gecko) Chrome/63.0.3239.84 Safari/537.36",
  "accept": "image/webp,image/apng,image/*,*/*;q=0.8",
  "referer": "http://localhost:9099/index.html",
  "accept-encoding": "gzip, deflate, br",
  "accept-language": "en-US,en;q=0.9",
  "cookie": "loginFailed=false,Expires=Thu, 01 Jan 1970 00:00:00 GMT; logInFailed=true; sessionid=1515491814574"
}
COOKIES=> {
  "loginFailed": "false,Expires",
  "logInFailed": "true",
  "sessionid": "1515491814574"
}
BODY=> {}
------------------------------
Tue Jan 09 2018 5:28:47 PM
GET /guestBook.html
HEADERS=> {
  "host": "localhost:9099",
  "connection": "keep-alive",
  "upgrade-insecure-requests": "1",
  "user-agent": "Mozilla/5.0 (Macintosh; Intel Mac OS X 10_12_6) AppleWebKit/537.36 (KHTML, like Gecko) Chrome/63.0.3239.84 Safari/537.36",
  "accept": "text/html,application/xhtml+xml,application/xml;q=0.9,image/webp,image/apng,*/*;q=0.8",
  "referer": "http://localhost:9099/index.html",
  "accept-encoding": "gzip, deflate, br",
  "accept-language": "en-US,en;q=0.9",
  "cookie": "loginFailed=false,Expires=Thu, 01 Jan 1970 00:00:00 GMT; logInFailed=true; sessionid=1515491814574"
}
COOKIES=> {
  "loginFailed": "false,Expires",
  "logInFailed": "true",
  "sessionid": "1515491814574"
}
BODY=> {}
------------------------------
Tue Jan 09 2018 5:28:47 PM
GET /css/guestBook.css
HEADERS=> {
  "host": "localhost:9099",
  "connection": "keep-alive",
  "user-agent": "Mozilla/5.0 (Macintosh; Intel Mac OS X 10_12_6) AppleWebKit/537.36 (KHTML, like Gecko) Chrome/63.0.3239.84 Safari/537.36",
  "accept": "text/css,*/*;q=0.1",
  "referer": "http://localhost:9099/guestBook.html",
  "accept-encoding": "gzip, deflate, br",
  "accept-language": "en-US,en;q=0.9",
  "cookie": "loginFailed=false,Expires=Thu, 01 Jan 1970 00:00:00 GMT; logInFailed=true; sessionid=1515491814574"
}
COOKIES=> {
  "loginFailed": "false,Expires",
  "logInFailed": "true",
  "sessionid": "1515491814574"
}
BODY=> {}
------------------------------
Tue Jan 09 2018 5:28:48 PM
GET /index.html
HEADERS=> {
  "host": "localhost:9099",
  "connection": "keep-alive",
  "upgrade-insecure-requests": "1",
  "user-agent": "Mozilla/5.0 (Macintosh; Intel Mac OS X 10_12_6) AppleWebKit/537.36 (KHTML, like Gecko) Chrome/63.0.3239.84 Safari/537.36",
  "accept": "text/html,application/xhtml+xml,application/xml;q=0.9,image/webp,image/apng,*/*;q=0.8",
  "referer": "http://localhost:9099/guestBook.html",
  "accept-encoding": "gzip, deflate, br",
  "accept-language": "en-US,en;q=0.9",
  "cookie": "loginFailed=false,Expires=Thu, 01 Jan 1970 00:00:00 GMT; logInFailed=true; sessionid=1515491814574"
}
COOKIES=> {
  "loginFailed": "false,Expires",
  "logInFailed": "true",
  "sessionid": "1515491814574"
}
BODY=> {}
------------------------------
Tue Jan 09 2018 5:28:48 PM
GET /css/index.css
HEADERS=> {
  "host": "localhost:9099",
  "connection": "keep-alive",
  "user-agent": "Mozilla/5.0 (Macintosh; Intel Mac OS X 10_12_6) AppleWebKit/537.36 (KHTML, like Gecko) Chrome/63.0.3239.84 Safari/537.36",
  "accept": "text/css,*/*;q=0.1",
  "referer": "http://localhost:9099/index.html",
  "accept-encoding": "gzip, deflate, br",
  "accept-language": "en-US,en;q=0.9",
  "cookie": "loginFailed=false,Expires=Thu, 01 Jan 1970 00:00:00 GMT; logInFailed=true; sessionid=1515491814574"
}
COOKIES=> {
  "loginFailed": "false,Expires",
  "logInFailed": "true",
  "sessionid": "1515491814574"
}
BODY=> {}
------------------------------
Tue Jan 09 2018 5:28:48 PM
GET /img/freshorigins.jpg
HEADERS=> {
  "host": "localhost:9099",
  "connection": "keep-alive",
  "user-agent": "Mozilla/5.0 (Macintosh; Intel Mac OS X 10_12_6) AppleWebKit/537.36 (KHTML, like Gecko) Chrome/63.0.3239.84 Safari/537.36",
  "accept": "image/webp,image/apng,image/*,*/*;q=0.8",
  "referer": "http://localhost:9099/index.html",
  "accept-encoding": "gzip, deflate, br",
  "accept-language": "en-US,en;q=0.9",
  "cookie": "loginFailed=false,Expires=Thu, 01 Jan 1970 00:00:00 GMT; logInFailed=true; sessionid=1515491814574"
}
COOKIES=> {
  "loginFailed": "false,Expires",
  "logInFailed": "true",
  "sessionid": "1515491814574"
}
BODY=> {}
------------------------------
Tue Jan 09 2018 5:28:48 PM
GET /img/wateringJar.gif
HEADERS=> {
  "host": "localhost:9099",
  "connection": "keep-alive",
  "user-agent": "Mozilla/5.0 (Macintosh; Intel Mac OS X 10_12_6) AppleWebKit/537.36 (KHTML, like Gecko) Chrome/63.0.3239.84 Safari/537.36",
  "accept": "image/webp,image/apng,image/*,*/*;q=0.8",
  "referer": "http://localhost:9099/index.html",
  "accept-encoding": "gzip, deflate, br",
  "accept-language": "en-US,en;q=0.9",
  "cookie": "loginFailed=false,Expires=Thu, 01 Jan 1970 00:00:00 GMT; logInFailed=true; sessionid=1515491814574"
}
COOKIES=> {
  "loginFailed": "false,Expires",
  "logInFailed": "true",
  "sessionid": "1515491814574"
}
BODY=> {}
------------------------------
Tue Jan 09 2018 5:28:50 PM
GET /guestBook.html
HEADERS=> {
  "host": "localhost:9099",
  "connection": "keep-alive",
  "upgrade-insecure-requests": "1",
  "user-agent": "Mozilla/5.0 (Macintosh; Intel Mac OS X 10_12_6) AppleWebKit/537.36 (KHTML, like Gecko) Chrome/63.0.3239.84 Safari/537.36",
  "accept": "text/html,application/xhtml+xml,application/xml;q=0.9,image/webp,image/apng,*/*;q=0.8",
  "referer": "http://localhost:9099/index.html",
  "accept-encoding": "gzip, deflate, br",
  "accept-language": "en-US,en;q=0.9",
  "cookie": "loginFailed=false,Expires=Thu, 01 Jan 1970 00:00:00 GMT; logInFailed=true; sessionid=1515491814574"
}
COOKIES=> {
  "loginFailed": "false,Expires",
  "logInFailed": "true",
  "sessionid": "1515491814574"
}
BODY=> {}
------------------------------
Tue Jan 09 2018 5:28:50 PM
GET /css/guestBook.css
HEADERS=> {
  "host": "localhost:9099",
  "connection": "keep-alive",
  "user-agent": "Mozilla/5.0 (Macintosh; Intel Mac OS X 10_12_6) AppleWebKit/537.36 (KHTML, like Gecko) Chrome/63.0.3239.84 Safari/537.36",
  "accept": "text/css,*/*;q=0.1",
  "referer": "http://localhost:9099/guestBook.html",
  "accept-encoding": "gzip, deflate, br",
  "accept-language": "en-US,en;q=0.9",
  "cookie": "loginFailed=false,Expires=Thu, 01 Jan 1970 00:00:00 GMT; logInFailed=true; sessionid=1515491814574"
}
COOKIES=> {
  "loginFailed": "false,Expires",
  "logInFailed": "true",
  "sessionid": "1515491814574"
}
BODY=> {}
